<?xml version="1.0" encoding="UTF-8"?>
<!-- Generated by org.testng.reporters.JUnitXMLReporter -->
<testsuite hostname="Home" ignored="0" name="marketlancing Test" tests="5" failures="1" timestamp="10 Feb 2019 06:43:28 GMT" time="155.315" errors="0">
  <testcase name="loginTest" time="22.851" classname="com.Marketlancing.qa.testcases.LoginPageTest">
    <failure type="org.openqa.selenium.TimeoutException" message="Expected condition failed: waiting for title to contain &amp;quot;test_1 - Market Lancing&amp;quot;. Current title: &amp;quot;TestingExpert - Market Lancing&amp;quot; (tried for 20 second(s) with 500 milliseconds interval)
Build info: version: &amp;apos;3.141.59&amp;apos;, revision: &amp;apos;e82be7d358&amp;apos;, time: &amp;apos;2018-11-14T08:17:03&amp;apos;
System info: host: &amp;apos;HOME&amp;apos;, ip: &amp;apos;192.168.43.44&amp;apos;, os.name: &amp;apos;Windows 8.1&amp;apos;, os.arch: &amp;apos;amd64&amp;apos;, os.version: &amp;apos;6.3&amp;apos;, java.version: &amp;apos;1.8.0_101&amp;apos;
Driver info: org.openqa.selenium.chrome.ChromeDriver
Capabilities {acceptInsecureCerts: false, acceptSslCerts: false, applicationCacheEnabled: false, browserConnectionEnabled: false, browserName: chrome, chrome: {chromedriverVersion: 2.35.528161 (5b82f2d2aae0ca..., userDataDir: C:\Users\HP\AppData\Local\T...}, cssSelectorsEnabled: true, databaseEnabled: false, handlesAlerts: true, hasTouchScreen: false, javascriptEnabled: true, locationContextEnabled: true, mobileEmulationEnabled: false, nativeEvents: true, networkConnectionEnabled: false, pageLoadStrategy: normal, platform: XP, platformName: XP, rotatable: false, setWindowRect: true, takesHeapSnapshot: true, takesScreenshot: true, unexpectedAlertBehaviour: , unhandledPromptBehavior: , version: 71.0.3578.98, webStorageEnabled: true}
Session ID: b6feb943b46cec9ad0605d3992f54d03">
      <![CDATA[org.openqa.selenium.TimeoutException: Expected condition failed: waiting for title to contain "test_1 - Market Lancing". Current title: "TestingExpert - Market Lancing" (tried for 20 second(s) with 500 milliseconds interval)
Build info: version: '3.141.59', revision: 'e82be7d358', time: '2018-11-14T08:17:03'
System info: host: 'HOME', ip: '192.168.43.44', os.name: 'Windows 8.1', os.arch: 'amd64', os.version: '6.3', java.version: '1.8.0_101'
Driver info: org.openqa.selenium.chrome.ChromeDriver
Capabilities {acceptInsecureCerts: false, acceptSslCerts: false, applicationCacheEnabled: false, browserConnectionEnabled: false, browserName: chrome, chrome: {chromedriverVersion: 2.35.528161 (5b82f2d2aae0ca..., userDataDir: C:\Users\HP\AppData\Local\T...}, cssSelectorsEnabled: true, databaseEnabled: false, handlesAlerts: true, hasTouchScreen: false, javascriptEnabled: true, locationContextEnabled: true, mobileEmulationEnabled: false, nativeEvents: true, networkConnectionEnabled: false, pageLoadStrategy: normal, platform: XP, platformName: XP, rotatable: false, setWindowRect: true, takesHeapSnapshot: true, takesScreenshot: true, unexpectedAlertBehaviour: , unhandledPromptBehavior: , version: 71.0.3578.98, webStorageEnabled: true}
Session ID: b6feb943b46cec9ad0605d3992f54d03
at org.openqa.selenium.support.ui.WebDriverWait.timeoutException(WebDriverWait.java:95)
at org.openqa.selenium.support.ui.FluentWait.until(FluentWait.java:272)
at com.Marketlancing.qa.testcases.LoginPageTest.loginTest(LoginPageTest.java:38)
... Removed 25 stack frames]]>
    </failure>
  </testcase> <!-- loginTest -->
  <testcase name="All_LinksTest" time="9.167" classname="com.Marketlancing.qa.testcases.HomePageTest"/>
  <testcase name="SearchBoxTest" time="5.03" classname="com.Marketlancing.qa.testcases.HomePageTest"/>
  <testcase name="GetBioTest" time="5.695" classname="com.Marketlancing.qa.testcases.DashBoardTest"/>
  <testcase name="GetemailTest" time="6.691" classname="com.Marketlancing.qa.testcases.DashBoardTest"/>
</testsuite> <!-- marketlancing Test -->
