<?xml version="1.0" encoding="UTF-8"?>
<testng-results skipped="0" failed="0" ignored="0" total="1" passed="1">
  <reporter-output>
  </reporter-output>
  <suite name="Default suite" duration-ms="15470" started-at="2019-01-17T06:04:34Z" finished-at="2019-01-17T06:04:50Z">
    <groups>
    </groups>
    <test name="Default test" duration-ms="15470" started-at="2019-01-17T06:04:34Z" finished-at="2019-01-17T06:04:50Z">
      <class name="com.Marketlancing.qa.testcases.LoginPageTest">
        <test-method status="PASS" signature="setup()[pri:0, instance:com.Marketlancing.qa.testcases.LoginPageTest@47c62251]" name="setup" is-config="true" duration-ms="14299" started-at="2019-01-17T06:04:34Z" finished-at="2019-01-17T06:04:49Z">
          <reporter-output>
          </reporter-output>
        </test-method> <!-- setup -->
        <test-method status="PASS" signature="loginTest()[pri:0, instance:com.Marketlancing.qa.testcases.LoginPageTest@47c62251]" name="loginTest" duration-ms="619" started-at="2019-01-17T06:04:49Z" finished-at="2019-01-17T06:04:49Z">
          <reporter-output>
          </reporter-output>
        </test-method> <!-- loginTest -->
        <test-method status="PASS" signature="tearDown()[pri:0, instance:com.Marketlancing.qa.testcases.LoginPageTest@47c62251]" name="tearDown" is-config="true" duration-ms="534" started-at="2019-01-17T06:04:49Z" finished-at="2019-01-17T06:04:50Z">
          <reporter-output>
          </reporter-output>
        </test-method> <!-- tearDown -->
      </class> <!-- com.Marketlancing.qa.testcases.LoginPageTest -->
    </test> <!-- Default test -->
  </suite> <!-- Default suite -->
</testng-results>
