<?xml version="1.0" encoding="UTF-8"?>
<testng-results skipped="0" failed="0" ignored="0" total="1" passed="1">
  <reporter-output>
  </reporter-output>
  <suite name="Default suite" duration-ms="16151" started-at="2019-01-28T12:49:51Z" finished-at="2019-01-28T12:50:07Z">
    <groups>
    </groups>
    <test name="Default test" duration-ms="16151" started-at="2019-01-28T12:49:51Z" finished-at="2019-01-28T12:50:07Z">
      <class name="com.Marketlancing.qa.testcases.LoginPageTest">
        <test-method status="PASS" signature="setup()[pri:0, instance:com.Marketlancing.qa.testcases.LoginPageTest@47c62251]" name="setup" is-config="true" duration-ms="15364" started-at="2019-01-28T12:49:51Z" finished-at="2019-01-28T12:50:06Z">
          <reporter-output>
          </reporter-output>
        </test-method> <!-- setup -->
        <test-method status="PASS" signature="loginTest()[pri:0, instance:com.Marketlancing.qa.testcases.LoginPageTest@47c62251]" name="loginTest" duration-ms="651" started-at="2019-01-28T12:50:06Z" finished-at="2019-01-28T12:50:07Z">
          <reporter-output>
          </reporter-output>
        </test-method> <!-- loginTest -->
        <test-method status="PASS" signature="tearDown()[pri:0, instance:com.Marketlancing.qa.testcases.LoginPageTest@47c62251]" name="tearDown" is-config="true" duration-ms="106" started-at="2019-01-28T12:50:07Z" finished-at="2019-01-28T12:50:07Z">
          <reporter-output>
          </reporter-output>
        </test-method> <!-- tearDown -->
      </class> <!-- com.Marketlancing.qa.testcases.LoginPageTest -->
    </test> <!-- Default test -->
  </suite> <!-- Default suite -->
</testng-results>
